<?xml version="1.0" encoding="UTF-8"?>
<!-- Generated by org.testng.reporters.JUnitXMLReporter -->
<testsuite ignored="0" hostname="SalmanS" failures="0" tests="13" name="Sponsor Admin Sanity Test" time="136.189" errors="0" timestamp="2022-04-26T15:25:43 IST">
  <testcase classname="MainClass.SponsorRegressionTest" name="recentJoinTest" time="45.895"/>
  <testcase classname="MainClass.SponsorRegressionTest" name="titleVisibilityTest" time="5.274"/>
  <testcase classname="MainClass.SponsorRegressionTest" name="BioLabs_Global_NetworkTest" time="5.066"/>
  <testcase classname="MainClass.SponsorRegressionTest" name="visibilityMapTest" time="5.039"/>
  <testcase classname="MainClass.SponsorRegressionTest" name="sponsorsrchpagTest" time="5.339"/>
  <testcase classname="MainClass.SponsorRegressionTest" name="LocationSelectionTest" time="6.22"/>
  <testcase classname="MainClass.SponsorRegressionTest" name="searchpageTest" time="10.213"/>
  <testcase classname="MainClass.SponsorRegressionTest" name="CheckChangesRefreshTest" time="8.255"/>
  <testcase classname="MainClass.SponsorRegressionTest" name="searchTest" time="20.15"/>
  <testcase classname="MainClass.SponsorRegressionTest" name="visiblityTest" time="4.124"/>
  <testcase classname="MainClass.SponsorRegressionTest" name="All_SummaryTest" time="1.055"/>
  <testcase classname="MainClass.SponsorRegressionTest" name="companyProfileTest" time="1.063"/>
  <testcase classname="MainClass.SponsorRegressionTest" name="verifyCompanyGrowthTest" time="4.358"/>
</testsuite> <!-- Sponsor Admin Sanity Test -->
