<?xml version="1.0" encoding="UTF-8"?>
<!-- Generated by org.testng.reporters.JUnitXMLReporter -->
<testsuite ignored="0" hostname="SalmanS" failures="0" tests="11" name="Sponsor Admin Sanity Test" time="151.852" errors="0" timestamp="2022-03-21T14:15:06 IST">
  <testcase classname="MainClass.SponsorRegressionTest" name="biolabBysite" time="66.808"/>
  <testcase classname="MainClass.SponsorRegressionTest" name="bioLabs_global_network" time="5.044"/>
  <testcase classname="MainClass.SponsorRegressionTest" name="titleVisibility" time="5.234"/>
  <testcase classname="MainClass.SponsorRegressionTest" name="mapvisibility" time="5.055"/>
  <testcase classname="MainClass.SponsorRegressionTest" name="locationTab" time="10.391"/>
  <testcase classname="MainClass.SponsorRegressionTest" name="companyGrowth" time="12.554"/>
  <testcase classname="MainClass.SponsorRegressionTest" name="sponsorsearchTest" time="7.244"/>
  <testcase classname="MainClass.SponsorRegressionTest" name="Search" time="14.801"/>
  <testcase classname="MainClass.SponsorRegressionTest" name="visibilityTest" time="0.648"/>
  <testcase classname="MainClass.SponsorRegressionTest" name="companyprofileTest" time="4.14"/>
  <testcase classname="MainClass.SponsorRegressionTest" name="verifyCompanyGrowthTest" time="9.356"/>
</testsuite> <!-- Sponsor Admin Sanity Test -->
