<?xml version="1.0" encoding="UTF-8"?>
<!-- Generated by org.testng.reporters.JUnitXMLReporter -->
<testsuite ignored="0" hostname="SalmanS" failures="0" tests="13" name="Site Admin Sanity Test" time="318.76" errors="0" timestamp="2022-03-21T14:21:15 IST">
  <testcase classname="MainClass.SiteRegressionTest" name="validateSiteAdminApplications_Test" time="19.28"/>
  <testcase classname="MainClass.SiteRegressionTest" name="filterCompanys" time="9.881"/>
  <testcase classname="MainClass.SiteRegressionTest" name="defaultsite_and_selectedsite" time="25.545"/>
  <testcase classname="MainClass.SiteRegressionTest" name="Add_edit_Delete_Test" time="36.655"/>
  <testcase classname="MainClass.SiteRegressionTest" name="Add_Edit_Delete_Resident_Admin_Test" time="37.657"/>
  <testcase classname="MainClass.SiteRegressionTest" name="menubaritems_Test" time="14.472"/>
  <testcase classname="MainClass.SiteRegressionTest" name="VISIT_WEBSITE_Test" time="19.996"/>
  <testcase classname="MainClass.SiteRegressionTest" name="Onboarding_Information_tab_Test" time="27.864"/>
  <testcase classname="MainClass.SiteRegressionTest" name="Company_Growth_Test" time="7.916"/>
  <testcase classname="MainClass.SiteRegressionTest" name="Invoicing_Test" time="45.601"/>
  <testcase classname="MainClass.SiteRegressionTest" name="Configuration_Test" time="37.792"/>
  <testcase classname="MainClass.SiteRegressionTest" name="invoicing_Waitlist_Test" time="11.438"/>
  <testcase classname="MainClass.SiteRegressionTest" name="Profile_Test" time="18.753"/>
</testsuite> <!-- Site Admin Sanity Test -->
