<?xml version="1.0" encoding="UTF-8"?>
<!-- Generated by org.testng.reporters.JUnitXMLReporter -->
<testsuite ignored="0" hostname="SalmanS" failures="0" tests="33" name="Site Admin Sanity Test" time="0.057" errors="0" timestamp="2022-04-26T15:36:28 IST">
  <testcase classname="MainClass.SiteRegressionTest" name="@BeforeTest beforeTest" time="0.0">
    <failure type="java.lang.Error" message="Unresolved compilation problem: 
	Unhandled exception type Exception
">
      <![CDATA[java.lang.Error: Unresolved compilation problem: 
Unhandled exception type Exception

at MainClass.SiteRegressionTest.beforeTest(SiteRegressionTest.java:59)
... Removed 25 stack frames]]>
    </failure>
  </testcase> <!-- @BeforeTest beforeTest -->
  <testcase classname="MainClass.SiteRegressionTest" name="@AfterTest afterTest" time="-1.650967588534E9">
    <skipped/>
  </testcase> <!-- @AfterTest afterTest -->
  <testcase classname="MainClass.SiteRegressionTest" name="Configuration_Test" time="0.0">
    <skipped/>
  </testcase> <!-- Configuration_Test -->
  <testcase classname="MainClass.SiteRegressionTest" name="Site_Configuration_Test" time="0.0">
    <skipped/>
  </testcase> <!-- Site_Configuration_Test -->
  <testcase classname="MainClass.SiteRegressionTest" name="validateSiteAdminApplications_Test" time="0.0">
    <skipped/>
  </testcase> <!-- validateSiteAdminApplications_Test -->
  <testcase classname="MainClass.SiteRegressionTest" name="SortByColumn_Test" time="0.0">
    <skipped/>
  </testcase> <!-- SortByColumn_Test -->
  <testcase classname="MainClass.SiteRegressionTest" name="defaultsite_and_selectedsite_Test" time="0.0">
    <skipped/>
  </testcase> <!-- defaultsite_and_selectedsite_Test -->
  <testcase classname="MainClass.SiteRegressionTest" name="Cpompany_table_view_Test" time="0.0">
    <skipped/>
  </testcase> <!-- Cpompany_table_view_Test -->
  <testcase classname="MainClass.SiteRegressionTest" name="Tile_View_Test" time="0.0">
    <skipped/>
  </testcase> <!-- Tile_View_Test -->
  <testcase classname="MainClass.SiteRegressionTest" name="Sort_By_Column_Test" time="0.0">
    <skipped/>
  </testcase> <!-- Sort_By_Column_Test -->
  <testcase classname="MainClass.SiteRegressionTest" name="filterCompanys_Test" time="0.0">
    <skipped/>
  </testcase> <!-- filterCompanys_Test -->
  <testcase classname="MainClass.SiteRegressionTest" name="Onbording_Test" time="0.0">
    <skipped/>
  </testcase> <!-- Onbording_Test -->
  <testcase classname="MainClass.SiteRegressionTest" name="Resident_Table_View_onboarding_offboarding_Test" time="0.0">
    <skipped/>
  </testcase> <!-- Resident_Table_View_onboarding_offboarding_Test -->
  <testcase classname="MainClass.SiteRegressionTest" name="Add_edit_Delete_Test" time="0.0">
    <skipped/>
  </testcase> <!-- Add_edit_Delete_Test -->
  <testcase classname="MainClass.SiteRegressionTest" name="Add_Edit_Delete_Resident_Admin_Test" time="0.0">
    <skipped/>
  </testcase> <!-- Add_Edit_Delete_Resident_Admin_Test -->
  <testcase classname="MainClass.SiteRegressionTest" name="Add_Edit_Delete_Resident_User_Test" time="0.0">
    <skipped/>
  </testcase> <!-- Add_Edit_Delete_Resident_User_Test -->
  <testcase classname="MainClass.SiteRegressionTest" name="Site_accesible_Test" time="0.0">
    <skipped/>
  </testcase> <!-- Site_accesible_Test -->
  <testcase classname="MainClass.SiteRegressionTest" name="ReadWriteaccess_Test" time="0.0">
    <skipped/>
  </testcase> <!-- ReadWriteaccess_Test -->
  <testcase classname="MainClass.SiteRegressionTest" name="menubaritems_Test" time="0.0">
    <skipped/>
  </testcase> <!-- menubaritems_Test -->
  <testcase classname="MainClass.SiteRegressionTest" name="Update_all_status_Test" time="0.0">
    <skipped/>
  </testcase> <!-- Update_all_status_Test -->
  <testcase classname="MainClass.SiteRegressionTest" name="Forword_Application_Test" time="0.0">
    <skipped/>
  </testcase> <!-- Forword_Application_Test -->
  <testcase classname="MainClass.SiteRegressionTest" name="VISIT_WEBSITE_Test" time="0.0">
    <skipped/>
  </testcase> <!-- VISIT_WEBSITE_Test -->
  <testcase classname="MainClass.SiteRegressionTest" name="Onboarding_Information_tab_Test" time="0.0">
    <skipped/>
  </testcase> <!-- Onboarding_Information_tab_Test -->
  <testcase classname="MainClass.SiteRegressionTest" name="Company_Growth_Test" time="0.0">
    <skipped/>
  </testcase> <!-- Company_Growth_Test -->
  <testcase classname="MainClass.SiteRegressionTest" name="Invoicing_Test" time="0.0">
    <skipped/>
  </testcase> <!-- Invoicing_Test -->
  <testcase classname="MainClass.SiteRegressionTest" name="Retainer_Paid_Date_Test" time="0.0">
    <skipped/>
  </testcase> <!-- Retainer_Paid_Date_Test -->
  <testcase classname="MainClass.SiteRegressionTest" name="Change_Request_Test" time="0.0">
    <skipped/>
  </testcase> <!-- Change_Request_Test -->
  <testcase classname="MainClass.SiteRegressionTest" name="name_Test" time="0.0">
    <skipped/>
  </testcase> <!-- name_Test -->
  <testcase classname="MainClass.SiteRegressionTest" name="invoicing_Waitlist_Test" time="0.0">
    <skipped/>
  </testcase> <!-- invoicing_Waitlist_Test -->
  <testcase classname="MainClass.SiteRegressionTest" name="Waitlist_Test" time="0.0">
    <skipped/>
  </testcase> <!-- Waitlist_Test -->
  <testcase classname="MainClass.SiteRegressionTest" name="Events_and_Training_Test" time="0.0">
    <skipped/>
  </testcase> <!-- Events_and_Training_Test -->
  <testcase classname="MainClass.SiteRegressionTest" name="Onboarding" time="0.0">
    <skipped/>
  </testcase> <!-- Onboarding -->
  <testcase classname="MainClass.SiteRegressionTest" name="Offboarding_Test" time="0.0">
    <skipped/>
  </testcase> <!-- Offboarding_Test -->
  <testcase classname="MainClass.SiteRegressionTest" name="Partners_and_Sponsors_Test" time="0.0">
    <skipped/>
  </testcase> <!-- Partners_and_Sponsors_Test -->
  <testcase classname="MainClass.SiteRegressionTest" name="Profile_Test" time="0.0">
    <skipped/>
  </testcase> <!-- Profile_Test -->
</testsuite> <!-- Site Admin Sanity Test -->
