<?xml version="1.0" encoding="UTF-8"?>
<!-- Generated by org.testng.reporters.JUnitXMLReporter -->
<testsuite ignored="0" hostname="SalmanS" failures="0" tests="10" name="Default test" time="317.471" errors="0" timestamp="2022-03-17T15:05:01 IST">
  <testcase classname="MainClass.ResidentRegressionTest" name="CompanyInformation_Test" time="50.235"/>
  <testcase classname="MainClass.ResidentRegressionTest" name="onboarding_Test" time="8.15"/>
  <testcase classname="MainClass.ResidentRegressionTest" name="onboardinginformation_Test" time="8.108"/>
  <testcase classname="MainClass.ResidentRegressionTest" name="invoice_Test" time="8.124"/>
  <testcase classname="MainClass.ResidentRegressionTest" name="change_Test" time="12.323"/>
  <testcase classname="MainClass.ResidentRegressionTest" name="Dashboard_Test" time="23.088"/>
  <testcase classname="MainClass.ResidentRegressionTest" name="sitemembers_Test" time="92.774"/>
  <testcase classname="MainClass.ResidentRegressionTest" name="ResidentStaff_Test" time="29.558"/>
  <testcase classname="MainClass.ResidentRegressionTest" name="sitecompanies_Test" time="12.265"/>
  <testcase classname="MainClass.ResidentRegressionTest" name="LearnMore_Test" time="56.765"/>
</testsuite> <!-- Default test -->
