<?xml version="1.0" encoding="UTF-8"?>
<!-- Generated by org.testng.reporters.JUnitXMLReporter -->
<testsuite ignored="0" hostname="SalmanS" failures="0" tests="13" name="Default test" time="147.02" errors="0" timestamp="2022-04-26T12:15:40 IST">
  <testcase classname="MainClass.SponsorRegressionTest" name="recentJoinTest" time="48.737"/>
  <testcase classname="MainClass.SponsorRegressionTest" name="titleVisibilityTest" time="5.283"/>
  <testcase classname="MainClass.SponsorRegressionTest" name="BioLabs_Global_NetworkTest" time="5.058"/>
  <testcase classname="MainClass.SponsorRegressionTest" name="visibilityMapTest" time="5.041"/>
  <testcase classname="MainClass.SponsorRegressionTest" name="sponsorsrchpagTest" time="5.362"/>
  <testcase classname="MainClass.SponsorRegressionTest" name="LocationSelectionTest" time="6.215"/>
  <testcase classname="MainClass.SponsorRegressionTest" name="searchpageTest" time="10.12"/>
  <testcase classname="MainClass.SponsorRegressionTest" name="CheckChangesRefreshTest" time="8.247"/>
  <testcase classname="MainClass.SponsorRegressionTest" name="searchTest" time="20.12"/>
  <testcase classname="MainClass.SponsorRegressionTest" name="visiblityTest" time="4.166"/>
  <testcase classname="MainClass.SponsorRegressionTest" name="All_SummaryTest" time="1.066"/>
  <testcase classname="MainClass.SponsorRegressionTest" name="companyProfileTest" time="1.057"/>
  <testcase classname="MainClass.SponsorRegressionTest" name="verifyCompanyGrowthTest" time="4.396"/>
</testsuite> <!-- Default test -->
