<?xml version="1.0" encoding="UTF-8"?>
<!-- Generated by org.testng.reporters.JUnitXMLReporter -->
<testsuite ignored="0" hostname="SalmanS" failures="0" tests="10" name="Resident Admin Sanity Test" time="309.191" errors="0" timestamp="2022-03-21T14:26:24 IST">
  <testcase classname="MainClass.ResidentRegressionTest" name="CompanyInformation_Test" time="50.78"/>
  <testcase classname="MainClass.ResidentRegressionTest" name="onboarding_Test" time="8.15"/>
  <testcase classname="MainClass.ResidentRegressionTest" name="onboardinginformation_Test" time="8.118"/>
  <testcase classname="MainClass.ResidentRegressionTest" name="invoice_Test" time="8.114"/>
  <testcase classname="MainClass.ResidentRegressionTest" name="change_Test" time="12.259"/>
  <testcase classname="MainClass.ResidentRegressionTest" name="Dashboard_Test" time="23.018"/>
  <testcase classname="MainClass.ResidentRegressionTest" name="sitemembers_Test" time="92.833"/>
  <testcase classname="MainClass.ResidentRegressionTest" name="ResidentStaff_Test" time="29.611"/>
  <testcase classname="MainClass.ResidentRegressionTest" name="sitecompanies_Test" time="12.219"/>
  <testcase classname="MainClass.ResidentRegressionTest" name="LearnMore_Test" time="54.939"/>
</testsuite> <!-- Resident Admin Sanity Test -->
